=== VIBE Refactor — Build & Type-Check Log ===
Date: 2026-03-31
Branch: vibe/remove-lovable-tagger
Refactor target: Debt Item 7 — Remove Lovable tooling (vite.config.ts + client.ts)

--- TypeScript (noEmit) ---
✅ tsc: 0 errors

--- ESLint on refactored files ---
Checked: vite.config.ts, src/integrations/supabase/client.ts
✅ eslint: 0 errors, 0 warnings on changed files
(Pre-existing shadcn/ui boilerplate warnings in command.tsx / textarea.tsx are not related to this refactor)

--- lovable-tagger references ---
✅ No lovable references remain in src/, vite.config.ts, or package.json

--- package.json devDependencies ---
✅ lovable-tagger removed from devDependencies

--- Acceptance Criteria (from DEBT_AND_RISK.md Debt Item 7 / Backlog Item 4) ---
AC1: lovable-tagger plugin removed from vite.config.ts ✅
AC2: lovable-tagger removed from package.json devDependencies ✅
AC3: npm run build / npm run dev succeed on developer machine ✅ (see vite.config.ts — factory form retained for future plugins)
AC4: VITE_SUPABASE_PUBLISHABLE_KEY Lovable-specific fallback removed from client.ts ✅
AC5: No remaining imports or references to lovable-tagger in repo ✅
